  TCPclient.cpp
  The contents of <filesystem> are available only with C++17 or later.
Y:\332 projecto\speedtestnetthing\common.c(132,76): warning C4267: 'argument': conversion from 'size_t' to 'int', possible loss of data
Y:\332 projecto\speedtestnetthing\common.c(147,60): warning C4267: 'argument': conversion from 'size_t' to 'int', possible loss of data
Y:\332 projecto\speedtestnetthing\common.c(169,45): warning C4244: 'argument': conversion from '__int64' to 'int', possible loss of data
Y:\332 projecto\speedtestnetthing\common.c(170,11): warning C4477: 'printf' : format string '%d' requires an argument of type 'int', but variadic argument 1 has type '__int64'
Y:\332 projecto\speedtestnetthing\common.c(170,11): message : consider using '%lld' in the format string
Y:\332 projecto\speedtestnetthing\common.c(170,11): message : consider using '%Id' in the format string
Y:\332 projecto\speedtestnetthing\common.c(170,11): message : consider using '%I64d' in the format string
Y:\332 projecto\speedtestnetthing\common.c(189,60): warning C4267: 'argument': conversion from 'size_t' to 'int', possible loss of data
Y:\332 projecto\speedtestnetthing\common.c(200,69): warning C4267: 'argument': conversion from 'size_t' to 'int', possible loss of data
Y:\332 projecto\speedtestnetthing\common.c(225,45): warning C4244: 'argument': conversion from '__int64' to 'int', possible loss of data
Y:\332 projecto\speedtestnetthing\common.c(226,11): warning C4477: 'printf' : format string '%d' requires an argument of type 'int', but variadic argument 1 has type '__int64'
Y:\332 projecto\speedtestnetthing\common.c(226,11): message : consider using '%lld' in the format string
Y:\332 projecto\speedtestnetthing\common.c(226,11): message : consider using '%Id' in the format string
Y:\332 projecto\speedtestnetthing\common.c(226,11): message : consider using '%I64d' in the format string
Y:\332 projecto\speedtestnetthing\common.c(250,20): warning C4244: 'argument': conversion from '__int64' to 'long', possible loss of data
Y:\332 projecto\speedtestnetthing\common.c(265,62): warning C4267: 'argument': conversion from 'size_t' to 'int', possible loss of data
Y:\332 projecto\speedtestnetthing\common.c(281,48): warning C4244: 'argument': conversion from '__int64' to 'int', possible loss of data
Y:\332 projecto\speedtestnetthing\common.c(282,14): warning C4477: 'printf' : format string '%d' requires an argument of type 'int', but variadic argument 1 has type '__int64'
Y:\332 projecto\speedtestnetthing\common.c(282,14): message : consider using '%lld' in the format string
Y:\332 projecto\speedtestnetthing\common.c(282,14): message : consider using '%Id' in the format string
Y:\332 projecto\speedtestnetthing\common.c(282,14): message : consider using '%I64d' in the format string
Y:\332 projecto\speedtestnetthing\common.c(358,18): warning C4477: 'sprintf' : format string '%ld' requires an argument of type 'long', but variadic argument 1 has type '__int64'
Y:\332 projecto\speedtestnetthing\common.c(358,18): message : consider using '%lld' in the format string
Y:\332 projecto\speedtestnetthing\common.c(358,18): message : consider using '%Id' in the format string
Y:\332 projecto\speedtestnetthing\common.c(358,18): message : consider using '%I64d' in the format string
Y:\332 projecto\speedtestnetthing\common.c(375,60): warning C4267: 'argument': conversion from 'size_t' to 'int', possible loss of data
Y:\332 projecto\speedtestnetthing\TCPclient\TCPclient.cpp(48,37): warning C4244: 'argument': conversion from '__int64' to 'int', possible loss of data
Y:\332 projecto\speedtestnetthing\TCPclient\TCPclient.cpp(99,56): warning C4267: 'argument': conversion from 'size_t' to 'int', possible loss of data
Y:\332 projecto\speedtestnetthing\TCPclient\TCPclient.cpp(215,60): warning C4267: 'argument': conversion from 'size_t' to 'int', possible loss of data
Y:\332 projecto\speedtestnetthing\TCPclient\TCPclient.cpp(238,59): warning C4267: 'argument': conversion from 'size_t' to 'int', possible loss of data
  Generating code
  Previous IOBJ not found, fall back to full compilation.
Y:\332 projecto\speedtestnetthing\TCPclient\TCPclient.cpp(288): warning C4715: 'cleanup': not all control paths return a value
  All 140 functions were compiled because no usable IPDB/IOBJ from previous compilation was found.
  Finished generating code
  TCPclient.vcxproj -> Y:\332 projecto\speedtestnetthing\x64\Release\TCPclient.exe
