  TCPserver.cpp
  The contents of <filesystem> are available only with C++17 or later.
Y:\332 projecto\speedtestnetthing\common.c(138,77): warning C4267: 'argument': conversion from 'size_t' to 'int', possible loss of data
Y:\332 projecto\speedtestnetthing\common.c(155,60): warning C4267: 'argument': conversion from 'size_t' to 'int', possible loss of data
Y:\332 projecto\speedtestnetthing\common.c(179,45): warning C4244: 'argument': conversion from '__int64' to 'int', possible loss of data
Y:\332 projecto\speedtestnetthing\common.c(180,11): warning C4477: 'printf' : format string '%d' requires an argument of type 'int', but variadic argument 1 has type '__int64'
Y:\332 projecto\speedtestnetthing\common.c(180,11): message : consider using '%lld' in the format string
Y:\332 projecto\speedtestnetthing\common.c(180,11): message : consider using '%Id' in the format string
Y:\332 projecto\speedtestnetthing\common.c(180,11): message : consider using '%I64d' in the format string
Y:\332 projecto\speedtestnetthing\common.c(199,60): warning C4267: 'argument': conversion from 'size_t' to 'int', possible loss of data
Y:\332 projecto\speedtestnetthing\common.c(218,70): warning C4267: 'argument': conversion from 'size_t' to 'int', possible loss of data
Y:\332 projecto\speedtestnetthing\common.c(246,45): warning C4244: 'argument': conversion from '__int64' to 'int', possible loss of data
Y:\332 projecto\speedtestnetthing\common.c(247,11): warning C4477: 'printf' : format string '%d' requires an argument of type 'int', but variadic argument 1 has type '__int64'
Y:\332 projecto\speedtestnetthing\common.c(247,11): message : consider using '%lld' in the format string
Y:\332 projecto\speedtestnetthing\common.c(247,11): message : consider using '%Id' in the format string
Y:\332 projecto\speedtestnetthing\common.c(247,11): message : consider using '%I64d' in the format string
Y:\332 projecto\speedtestnetthing\common.c(268,11): warning C4477: 'printf' : format string '%ld' requires an argument of type 'long', but variadic argument 3 has type '__int64'
Y:\332 projecto\speedtestnetthing\common.c(268,11): message : consider using '%lld' in the format string
Y:\332 projecto\speedtestnetthing\common.c(268,11): message : consider using '%Id' in the format string
Y:\332 projecto\speedtestnetthing\common.c(268,11): message : consider using '%I64d' in the format string
Y:\332 projecto\speedtestnetthing\common.c(271,20): warning C4244: 'argument': conversion from '__int64' to 'long', possible loss of data
Y:\332 projecto\speedtestnetthing\common.c(286,62): warning C4267: 'argument': conversion from 'size_t' to 'int', possible loss of data
Y:\332 projecto\speedtestnetthing\common.c(304,48): warning C4244: 'argument': conversion from '__int64' to 'int', possible loss of data
Y:\332 projecto\speedtestnetthing\common.c(305,14): warning C4477: 'printf' : format string '%d' requires an argument of type 'int', but variadic argument 1 has type '__int64'
Y:\332 projecto\speedtestnetthing\common.c(305,14): message : consider using '%lld' in the format string
Y:\332 projecto\speedtestnetthing\common.c(305,14): message : consider using '%Id' in the format string
Y:\332 projecto\speedtestnetthing\common.c(305,14): message : consider using '%I64d' in the format string
Y:\332 projecto\speedtestnetthing\common.c(382,18): warning C4477: 'sprintf' : format string '%ld' requires an argument of type 'long', but variadic argument 1 has type '__int64'
Y:\332 projecto\speedtestnetthing\common.c(382,18): message : consider using '%lld' in the format string
Y:\332 projecto\speedtestnetthing\common.c(382,18): message : consider using '%Id' in the format string
Y:\332 projecto\speedtestnetthing\common.c(382,18): message : consider using '%I64d' in the format string
Y:\332 projecto\speedtestnetthing\common.c(399,60): warning C4267: 'argument': conversion from 'size_t' to 'int', possible loss of data
Y:\332 projecto\speedtestnetthing\TCPserver\TCPserver.cpp(59,45): warning C4244: 'argument': conversion from '__int64' to 'int', possible loss of data
Y:\332 projecto\speedtestnetthing\TCPserver\TCPserver.cpp(105,64): warning C4267: 'argument': conversion from 'size_t' to 'int', possible loss of data
Y:\332 projecto\speedtestnetthing\TCPserver\TCPserver.cpp(283): warning C4715: 'cleanup': not all control paths return a value
  TCPserver.vcxproj -> Y:\332 projecto\speedtestnetthing\x64\Debug\TCPserver.exe
