  TCPserver.cpp
  The contents of <filesystem> are available only with C++17 or later.
Y:\332 projecto\speedtestnetthing\common.c(143,77): warning C4267: 'argument': conversion from 'size_t' to 'int', possible loss of data
Y:\332 projecto\speedtestnetthing\common.c(161,77): warning C4267: 'argument': conversion from 'size_t' to 'int', possible loss of data
Y:\332 projecto\speedtestnetthing\common.c(177,60): warning C4267: 'argument': conversion from 'size_t' to 'int', possible loss of data
Y:\332 projecto\speedtestnetthing\common.c(182,46): warning C4267: 'initializing': conversion from 'size_t' to 'int', possible loss of data
Y:\332 projecto\speedtestnetthing\common.c(204,50): warning C4244: 'argument': conversion from '__int64' to 'int', possible loss of data
Y:\332 projecto\speedtestnetthing\common.c(205,12): warning C4477: 'printf' : format string '%d' requires an argument of type 'int', but variadic argument 1 has type '__int64'
Y:\332 projecto\speedtestnetthing\common.c(205,12): message : consider using '%lld' in the format string
Y:\332 projecto\speedtestnetthing\common.c(205,12): message : consider using '%Id' in the format string
Y:\332 projecto\speedtestnetthing\common.c(205,12): message : consider using '%I64d' in the format string
Y:\332 projecto\speedtestnetthing\common.c(221,60): warning C4267: 'argument': conversion from 'size_t' to 'int', possible loss of data
Y:\332 projecto\speedtestnetthing\common.c(232,69): warning C4267: 'argument': conversion from 'size_t' to 'int', possible loss of data
Y:\332 projecto\speedtestnetthing\common.c(260,49): warning C4244: 'argument': conversion from '__int64' to 'int', possible loss of data
Y:\332 projecto\speedtestnetthing\common.c(261,11): warning C4477: 'printf' : format string '%d' requires an argument of type 'int', but variadic argument 1 has type '__int64'
Y:\332 projecto\speedtestnetthing\common.c(261,11): message : consider using '%lld' in the format string
Y:\332 projecto\speedtestnetthing\common.c(261,11): message : consider using '%Id' in the format string
Y:\332 projecto\speedtestnetthing\common.c(261,11): message : consider using '%I64d' in the format string
Y:\332 projecto\speedtestnetthing\common.c(284,20): warning C4244: 'argument': conversion from '__int64' to 'long', possible loss of data
Y:\332 projecto\speedtestnetthing\common.c(298,62): warning C4267: 'argument': conversion from 'size_t' to 'int', possible loss of data
Y:\332 projecto\speedtestnetthing\common.c(317,52): warning C4244: 'argument': conversion from '__int64' to 'int', possible loss of data
Y:\332 projecto\speedtestnetthing\common.c(318,14): warning C4477: 'printf' : format string '%d' requires an argument of type 'int', but variadic argument 1 has type '__int64'
Y:\332 projecto\speedtestnetthing\common.c(318,14): message : consider using '%lld' in the format string
Y:\332 projecto\speedtestnetthing\common.c(318,14): message : consider using '%Id' in the format string
Y:\332 projecto\speedtestnetthing\common.c(318,14): message : consider using '%I64d' in the format string
Y:\332 projecto\speedtestnetthing\common.c(391,25): warning C4477: 'sprintf' : format string '%ld' requires an argument of type 'long', but variadic argument 1 has type '__int64'
Y:\332 projecto\speedtestnetthing\common.c(391,25): message : consider using '%lld' in the format string
Y:\332 projecto\speedtestnetthing\common.c(391,25): message : consider using '%Id' in the format string
Y:\332 projecto\speedtestnetthing\common.c(391,25): message : consider using '%I64d' in the format string
Y:\332 projecto\speedtestnetthing\common.c(392,74): warning C4267: 'argument': conversion from 'size_t' to 'int', possible loss of data
Y:\332 projecto\speedtestnetthing\TCPserver\TCPserver.cpp(59,49): warning C4244: 'argument': conversion from '__int64' to 'int', possible loss of data
Y:\332 projecto\speedtestnetthing\TCPserver\TCPserver.cpp(105,64): warning C4267: 'argument': conversion from 'size_t' to 'int', possible loss of data
  Generating code
  3 of 267 functions ( 1.1%) were compiled, the rest were copied from previous compilation.
    0 functions were new in current compilation
    3 functions had inline decision re-evaluated but remain unchanged
  Finished generating code
  TCPserver.vcxproj -> Y:\332 projecto\speedtestnetthing\x64\Release\TCPserver.exe
